TEST 0:
(alloc: 1, bytes 167, corrosp: 0), (alloc: 1, bytes 217, corrosp: 0), (alloc: 0, bytes 0, corrosp: 0), (alloc: 0, bytes 0, corrosp: 1), (alloc: 1, bytes 254, corrosp: 0), (alloc: 1, bytes 77, corrosp: 0), (alloc: 0, bytes 0, corrosp: 5), (alloc: 0, bytes 0, corrosp: 4), (alloc: 1, bytes 179, corrosp: 0), (alloc: 1, bytes 23, corrosp: 0), (alloc: 1, bytes 152, corrosp: 0), (alloc: 0, bytes 0, corrosp: 8), (alloc: 1, bytes 45, corrosp: 0), (alloc: 1, bytes 88, corrosp: 0), (alloc: 1, bytes 107, corrosp: 0), (alloc: 0, bytes 0, corrosp: 10), (alloc: 1, bytes 153, corrosp: 0), (alloc: 0, bytes 0, corrosp: 13), (alloc: 1, bytes 98, corrosp: 0), (alloc: 1, bytes 243, corrosp: 0), (alloc: 1, bytes 35, corrosp: 0), (alloc: 1, bytes 95, corrosp: 0), (alloc: 0, bytes 0, corrosp: 12), (alloc: 0, bytes 0, corrosp: 16), (alloc: 1, bytes 12, corrosp: 0), (alloc: 1, bytes 2, corrosp: 0), (alloc: 1, bytes 57, corrosp: 0), (alloc: 1, bytes 132, corrosp: 0), (alloc: 0, bytes 0, corrosp: 25), (alloc: 0, bytes 0, corrosp: 18), (alloc: 0, bytes 0, corrosp: 17), (alloc: 1, bytes 42, corrosp: 0), (alloc: 0, bytes 0, corrosp: 24), (alloc: 0, bytes 0, corrosp: 14), (alloc: 1, bytes 241, corrosp: 0), (alloc: 0, bytes 0, corrosp: 20), (alloc: 1, bytes 138, corrosp: 0), (alloc: 1, bytes 155, corrosp: 0), (alloc: 1, bytes 57, corrosp: 0), (alloc: 0, bytes 0, corrosp: 28), (alloc: 0, bytes 0, corrosp: 19), (alloc: 1, bytes 211, corrosp: 0), (alloc: 0, bytes 0, corrosp: 34), (alloc: 1, bytes 213, corrosp: 0), (alloc: 1, bytes 217, corrosp: 0), (alloc: 0, bytes 0, corrosp: 9), (alloc: 0, bytes 0, corrosp: 35), (alloc: 1, bytes 81, corrosp: 0), (alloc: 0, bytes 0, corrosp: 21), (alloc: 0, bytes 0, corrosp: 40), (alloc: 1, bytes 6, corrosp: 0), (alloc: 0, bytes 0, corrosp: 38), (alloc: 1, bytes 255, corrosp: 0), (alloc: 0, bytes 0, corrosp: 42), (alloc: 0, bytes 0, corrosp: 27), (alloc: 1, bytes 54, corrosp: 0), (alloc: 0, bytes 0, corrosp: 43), (alloc: 1, bytes 129, corrosp: 0), (alloc: 1, bytes 195, corrosp: 0), (alloc: 0, bytes 0, corrosp: 36), (alloc: 1, bytes 192, corrosp: 0), (alloc: 0, bytes 0, corrosp: 50), (alloc: 1, bytes 122, corrosp: 0), (alloc: 0, bytes 0, corrosp: 37), (alloc: 0, bytes 0, corrosp: 51), (alloc: 0, bytes 0, corrosp: 31), (alloc: 0, bytes 0, corrosp: 44), (alloc: 1, bytes 226, corrosp: 0), (alloc: 0, bytes 0, corrosp: 52), (alloc: 1, bytes 159, corrosp: 0), (alloc: 0, bytes 0, corrosp: 55), (alloc: 1, bytes 206, corrosp: 0), (alloc: 1, bytes 242, corrosp: 0), (alloc: 1, bytes 0, corrosp: 0), (alloc: 0, bytes 0, corrosp: 47), (alloc: 1, bytes 151, corrosp: 0), (alloc: 0, bytes 0, corrosp: 57), (alloc: 0, bytes 0, corrosp: 26), (alloc: 1, bytes 94, corrosp: 0), (alloc: 1, bytes 161, corrosp: 0), (alloc: 0, bytes 0, corrosp: 58), (alloc: 0, bytes 0, corrosp: 67), (alloc: 0, bytes 0, corrosp: 60), (alloc: 0, bytes 0, corrosp: 41), (alloc: 0, bytes 0, corrosp: 62), (alloc: 0, bytes 0, corrosp: 69), (alloc: 1, bytes 54, corrosp: 0), (alloc: 0, bytes 0, corrosp: 71), (alloc: 1, bytes 115, corrosp: 0), (alloc: 0, bytes 0, corrosp: 72), (alloc: 1, bytes 230, corrosp: 0), (alloc: 0, bytes 0, corrosp: 73), (alloc: 1, bytes 239, corrosp: 0), (alloc: 1, bytes 9, corrosp: 0), (alloc: 1, bytes 8, corrosp: 0), (alloc: 1, bytes 79, corrosp: 0), (alloc: 1, bytes 248, corrosp: 0), (alloc: 1, bytes 143, corrosp: 0), (alloc: 0, bytes 0, corrosp: 79), (alloc: 0, bytes 0, corrosp: 75), (alloc: 1, bytes 25, corrosp: 0), (alloc: 0, bytes 0, corrosp: 88), (alloc: 1, bytes 215, corrosp: 0), (alloc: 0, bytes 0, corrosp: 92), (alloc: 1, bytes 162, corrosp: 0), (alloc: 0, bytes 0, corrosp: 90), (alloc: 1, bytes 223, corrosp: 0), (alloc: 1, bytes 173, corrosp: 0), (alloc: 1, bytes 209, corrosp: 0), (alloc: 1, bytes 209, corrosp: 0), (alloc: 0, bytes 0, corrosp: 96), (alloc: 1, bytes 240, corrosp: 0), (alloc: 1, bytes 233, corrosp: 0), (alloc: 1, bytes 183, corrosp: 0), (alloc: 0, bytes 0, corrosp: 95), (alloc: 0, bytes 0, corrosp: 93), (alloc: 1, bytes 242, corrosp: 0), (alloc: 1, bytes 140, corrosp: 0), (alloc: 1, bytes 72, corrosp: 0), (alloc: 0, bytes 0, corrosp: 107), (alloc: 0, bytes 0, corrosp: 100), (alloc: 1, bytes 79, corrosp: 0), (alloc: 1, bytes 113, corrosp: 0), (alloc: 1, bytes 128, corrosp: 0), (alloc: 1, bytes 215, corrosp: 0), (alloc: 0, bytes 0, corrosp: 97), (alloc: 0, bytes 0, corrosp: 109), (alloc: 0, bytes 0, corrosp: 86), (alloc: 1, bytes 148, corrosp: 0), (alloc: 0, bytes 0, corrosp: 102), (alloc: 1, bytes 171, corrosp: 0), (alloc: 1, bytes 147, corrosp: 0), (alloc: 1, bytes 115, corrosp: 0), (alloc: 0, bytes 0, corrosp: 118), (alloc: 1, bytes 217, corrosp: 0), (alloc: 0, bytes 0, corrosp: 116), (alloc: 1, bytes 22, corrosp: 0), (alloc: 0, bytes 0, corrosp: 104), (alloc: 1, bytes 53, corrosp: 0), (alloc: 1, bytes 232, corrosp: 0), (alloc: 0, bytes 0, corrosp: 123), (alloc: 1, bytes 216, corrosp: 0), (alloc: 0, bytes 0, corrosp: 78), (alloc: 0, bytes 0, corrosp: 113), (alloc: 0, bytes 0, corrosp: 124), (alloc: 1, bytes 104, corrosp: 0), (alloc: 1, bytes 252, corrosp: 0), (alloc: 1, bytes 50, corrosp: 0), (alloc: 1, bytes 1, corrosp: 0), (alloc: 1, bytes 57, corrosp: 0), (alloc: 1, bytes 15, corrosp: 0), (alloc: 1, bytes 229, corrosp: 0), (alloc: 0, bytes 0, corrosp: 136), (alloc: 0, bytes 0, corrosp: 128), (alloc: 0, bytes 0, corrosp: 115), (alloc: 0, bytes 0, corrosp: 91), (alloc: 0, bytes 0, corrosp: 138), (alloc: 1, bytes 200, corrosp: 0), (alloc: 0, bytes 0, corrosp: 106), (alloc: 1, bytes 37, corrosp: 0), (alloc: 0, bytes 0, corrosp: 111), (alloc: 0, bytes 0, corrosp: 134), (alloc: 1, bytes 166, corrosp: 0), (alloc: 0, bytes 0, corrosp: 145), (alloc: 1, bytes 221, corrosp: 0), (alloc: 1, bytes 232, corrosp: 0), (alloc: 0, bytes 0, corrosp: 131), (alloc: 1, bytes 31, corrosp: 0), (alloc: 0, bytes 0, corrosp: 147), (alloc: 1, bytes 157, corrosp: 0), (alloc: 0, bytes 0, corrosp: 139), (alloc: 0, bytes 0, corrosp: 149), (alloc: 0, bytes 0, corrosp: 132), (alloc: 1, bytes 232, corrosp: 0), (alloc: 0, bytes 0, corrosp: 117), (alloc: 0, bytes 0, corrosp: 121), (alloc: 0, bytes 0, corrosp: 94), (alloc: 0, bytes 0, corrosp: 112), (alloc: 1, bytes 89, corrosp: 0), (alloc: 0, bytes 0, corrosp: 156), (alloc: 0, bytes 0, corrosp: 130), (alloc: 0, bytes 0, corrosp: 108), (alloc: 1, bytes 65, corrosp: 0), (alloc: 1, bytes 115, corrosp: 0), (alloc: 0, bytes 0, corrosp: 151), (alloc: 1, bytes 219, corrosp: 0), (alloc: 1, bytes 163, corrosp: 0), (alloc: 1, bytes 163, corrosp: 0), (alloc: 1, bytes 121, corrosp: 0), (alloc: 1, bytes 196, corrosp: 0), (alloc: 1, bytes 154, corrosp: 0), (alloc: 1, bytes 94, corrosp: 0), (alloc: 0, bytes 0, corrosp: 169), (alloc: 0, bytes 0, corrosp: 162), (alloc: 1, bytes 113, corrosp: 0), (alloc: 0, bytes 0, corrosp: 172), (alloc: 1, bytes 32, corrosp: 0), (alloc: 1, bytes 12, corrosp: 0), (alloc: 0, bytes 0, corrosp: 166), (alloc: 0, bytes 0, corrosp: 165), ============================
Operation 0: Allocated 167 bytes at (0x100ac4020)
Memory Layout (total size 4096), size not incl headers:
free: |     | 3865 |
used: | 167 |      |
============================
Operation 1: Allocated 217 bytes at (0x100ac40e7)
Memory Layout (total size 4096), size not incl headers:
free: |     |     | 3616 |
used: | 167 | 217 |      |
============================
Operation 2: Freed 167 bytes at (0x100ac4020)
Memory Layout (total size 4096), size not incl headers:
free: | 167 |     | 3616 |
used: |     | 217 |      |
============================
Operation 3: Freed 217 bytes at (0x100ac40e7)
Memory Layout (total size 4096), size not incl headers:
free: | 167 | 217 | 3616 |
used: |     |     |      |
============================
Operation 4: Allocated 254 bytes at (0x100ac41e0)
Memory Layout (total size 4096), size not incl headers:
free: | 167 | 217 |     | 3330 |
used: |     |     | 254 |      |
============================
Operation 5: Allocated 77 bytes at (0x100ac42fe)
Memory Layout (total size 4096), size not incl headers:
free: | 167 | 217 |     |    | 3221 |
used: |     |     | 254 | 77 |      |
============================
Operation 6: Freed 77 bytes at (0x100ac42fe)
Memory Layout (total size 4096), size not incl headers:
free: | 167 | 217 |     | 77 | 3221 |
used: |     |     | 254 |    |      |
============================
Operation 7: Freed 254 bytes at (0x100ac41e0)
Memory Layout (total size 4096), size not incl headers:
free: | 167 | 217 | 254 | 77 | 3221 |
used: |     |     |     |    |      |
============================
Operation 8: Allocated 179 bytes at (0x100ac436b)
Memory Layout (total size 4096), size not incl headers:
free: | 167 | 217 | 254 | 77 |     | 3010 |
used: |     |     |     |    | 179 |      |
============================
Operation 9: Allocated 23 bytes at (0x100ac443e)
Memory Layout (total size 4096), size not incl headers:
free: | 167 | 217 | 254 | 77 |     |    | 2955 |
used: |     |     |     |    | 179 | 23 |      |
============================
Operation 10: Allocated 152 bytes at (0x100ac4475)
Memory Layout (total size 4096), size not incl headers:
free: | 167 | 217 | 254 | 77 |     |    |     | 2771 |
used: |     |     |     |    | 179 | 23 | 152 |      |
============================
Operation 11: Freed 179 bytes at (0x100ac436b)
Memory Layout (total size 4096), size not incl headers:
free: | 167 | 217 | 254 | 77 | 179 |    |     | 2771 |
used: |     |     |     |    |     | 23 | 152 |      |
============================
Operation 12: Allocated 45 bytes at (0x100ac452d)
Memory Layout (total size 4096), size not incl headers:
free: | 167 | 217 | 254 | 77 | 179 |    |     |    | 2694 |
used: |     |     |     |    |     | 23 | 152 | 45 |      |
============================
Operation 13: Allocated 88 bytes at (0x100ac457a)
Memory Layout (total size 4096), size not incl headers:
free: | 167 | 217 | 254 | 77 | 179 |    |     |    |    | 2574 |
used: |     |     |     |    |     | 23 | 152 | 45 | 88 |      |
============================
Operation 14: Allocated 107 bytes at (0x100ac45f2)
Memory Layout (total size 4096), size not incl headers:
free: | 167 | 217 | 254 | 77 | 179 |    |     |    |    |     | 2435 |
used: |     |     |     |    |     | 23 | 152 | 45 | 88 | 107 |      |
============================
Operation 15: Freed 152 bytes at (0x100ac4475)
Memory Layout (total size 4096), size not incl headers:
free: | 167 | 217 | 254 | 77 | 179 |    | 152 |    |    |     | 2435 |
used: |     |     |     |    |     | 23 |     | 45 | 88 | 107 |      |
============================
Operation 16: Allocated 153 bytes at (0x100ac467d)
Memory Layout (total size 4096), size not incl headers:
free: | 167 | 217 | 254 | 77 | 179 |    | 152 |    |    |     |     | 2250 |
used: |     |     |     |    |     | 23 |     | 45 | 88 | 107 | 153 |      |
============================
Operation 17: Freed 88 bytes at (0x100ac457a)
Memory Layout (total size 4096), size not incl headers:
free: | 167 | 217 | 254 | 77 | 179 |    | 152 |    | 88 |     |     | 2250 |
used: |     |     |     |    |     | 23 |     | 45 |    | 107 | 153 |      |
============================
Operation 18: Allocated 98 bytes at (0x100ac4736)
Memory Layout (total size 4096), size not incl headers:
free: | 167 | 217 | 254 | 77 | 179 |    | 152 |    | 88 |     |     |    | 2120 |
used: |     |     |     |    |     | 23 |     | 45 |    | 107 | 153 | 98 |      |
============================
Operation 19: Allocated 243 bytes at (0x100ac47b8)
Memory Layout (total size 4096), size not incl headers:
free: | 167 | 217 | 254 | 77 | 179 |    | 152 |    | 88 |     |     |    |     | 1845 |
used: |     |     |     |    |     | 23 |     | 45 |    | 107 | 153 | 98 | 243 |      |
============================
Operation 20: Allocated 35 bytes at (0x100ac48cb)
Memory Layout (total size 4096), size not incl headers:
free: | 167 | 217 | 254 | 77 | 179 |    | 152 |    | 88 |     |     |    |     |    | 1778 |
used: |     |     |     |    |     | 23 |     | 45 |    | 107 | 153 | 98 | 243 | 35 |      |
============================
Operation 21: Allocated 95 bytes at (0x100ac490e)
Memory Layout (total size 4096), size not incl headers:
free: | 167 | 217 | 254 | 77 | 179 |    | 152 |    | 88 |     |     |    |     |    |    | 1651 |
used: |     |     |     |    |     | 23 |     | 45 |    | 107 | 153 | 98 